[debug] ----------------------------------------------------------------------
[debug] Command:      /usr/local/bin/node /usr/local/bin/firebase deploy
[debug] CLI Version:  3.5.0
[debug] Platform:     darwin
[debug] Node Version: v6.10.0
[debug] Time:         Wed Mar 22 2017 22:18:21 GMT-0300 (BRT)
[debug] ----------------------------------------------------------------------
[debug] 
[debug] > command requires scopes: ["email","openid","https://www.googleapis.com/auth/cloudplatformprojects.readonly","https://www.googleapis.com/auth/firebase","https://www.googleapis.com/auth/cloud-platform"]
[debug] > refreshing access token with scopes: ["email","https://www.googleapis.com/auth/cloud-platform","https://www.googleapis.com/auth/cloudplatformprojects.readonly","https://www.googleapis.com/auth/firebase","openid"]
[debug] >>> HTTP REQUEST POST https://www.googleapis.com/oauth2/v3/token { refresh_token: '1/OmRvrSzarAOQU4yUeZFlc931X7xZIA5x_uC1zUo6XD8',
  client_id: '563584335869-fgrhgmd47bqnekij5i8b5pr03ho849e6.apps.googleusercontent.com',
  client_secret: 'j9iVZfS8kkCEFUPaAeJV0sAi',
  grant_type: 'refresh_token',
  scope: 'email https://www.googleapis.com/auth/cloud-platform https://www.googleapis.com/auth/cloudplatformprojects.readonly https://www.googleapis.com/auth/firebase openid' } 
 Wed Mar 22 2017 22:18:21 GMT-0300 (BRT)
[debug] <<< HTTP RESPONSE 200
[debug] >>> HTTP REQUEST GET https://admin.firebase.com/v1/projects/lx8scheduler  
 Wed Mar 22 2017 22:18:22 GMT-0300 (BRT)
[debug] <<< HTTP RESPONSE 200
[debug] >>> HTTP REQUEST GET https://admin.firebase.com/v1/database/lx8scheduler/tokens  
 Wed Mar 22 2017 22:18:24 GMT-0300 (BRT)
[debug] <<< HTTP RESPONSE 200
[info] 
[info] === Deploying to 'lx8scheduler'...
[info] 
[info] i  deploying database, functions, hosting
[info] ✔  database: rules ready to deploy.
[debug] > [functions] package.json contents: {
  "name": "functions",
  "description": "Cloud Functions for Firebase",
  "dependencies": {
    "firebase-admin": "^4.1.2",
    "firebase-functions": "^0.5",
    "twilio": "^2.11.1"
  },
  "private": true
}
[info] i  functions: ensuring necessary APIs are enabled...
[info] i  runtimeconfig: ensuring necessary APIs are enabled...
[debug] >>> HTTP REQUEST GET https://servicemanagement.googleapis.com/v1/services/cloudfunctions.googleapis.com/projectSettings/lx8scheduler?view=CONSUMER_VIEW  
 Wed Mar 22 2017 22:18:27 GMT-0300 (BRT)
[debug] >>> HTTP REQUEST GET https://servicemanagement.googleapis.com/v1/services/runtimeconfig.googleapis.com/projectSettings/lx8scheduler?view=CONSUMER_VIEW  
 Wed Mar 22 2017 22:18:27 GMT-0300 (BRT)
[debug] <<< HTTP RESPONSE 200
[info] ✔  runtimeconfig: all necessary APIs are enabled
[debug] <<< HTTP RESPONSE 200
[info] ✔  functions: all necessary APIs are enabled
[debug] >>> HTTP REQUEST GET https://appengine.googleapis.com/v1/apps/lx8scheduler  
 Wed Mar 22 2017 22:18:29 GMT-0300 (BRT)
[debug] >>> HTTP REQUEST GET https://apikeys.googleapis.com/v1/projects/lx8scheduler/apiKeys  
 Wed Mar 22 2017 22:18:29 GMT-0300 (BRT)
[debug] <<< HTTP RESPONSE 200
[debug] <<< HTTP RESPONSE 200
[info] i  functions: preparing functions directory for uploading...
[debug] >>> HTTP REQUEST GET https://runtimeconfig.googleapis.com/v1beta1/projects/lx8scheduler/configs  
 Wed Mar 22 2017 22:18:31 GMT-0300 (BRT)
[debug] <<< HTTP RESPONSE 200
[debug] > [functions] runtime config materialized as: {
  "firebase": {
    "databaseURL": "https://lx8scheduler.firebaseio.com",
    "storageBucket": "lx8scheduler.appspot.com",
    "apiKey": "AIzaSyDcFDkNdrv2sfqNb3jormRRcvxkXSkZZ5k",
    "authDomain": "lx8scheduler.firebaseapp.com"
  }
}
[debug] > [functions] parsed triggers: [
  {
    "eventTrigger": {
      "resource": "projects/_/instances/lx8scheduler/refs/users/{user}",
      "eventType": "providers/google.firebase.database/eventTypes/ref.write"
    },
    "name": "welcomeMessage",
    "entryPoint": "welcomeMessage"
  },
  {
    "eventTrigger": {
      "resource": "projects/_/instances/lx8scheduler/refs/appointments/{appt}",
      "eventType": "providers/google.firebase.database/eventTypes/ref.write"
    },
    "name": "confirmAppointment",
    "entryPoint": "confirmAppointment"
  }
]
[info] i  functions: packaged functions (1.61 KB) for uploading
[debug] >>> HTTP REQUEST GET https://www.googleapis.com/storage/v1/b/staging.lx8scheduler.appspot.com  
 Wed Mar 22 2017 22:18:33 GMT-0300 (BRT)
[debug] <<< HTTP RESPONSE 200
[debug] >>> HTTP REQUEST POST https://www.googleapis.com/upload/storage/v1/b/staging.lx8scheduler.appspot.com/o?uploadType=media&name=firebase-functions-source ReadStream {
  _readableState: 
   ReadableState {
     objectMode: false,
     highWaterMark: 65536,
     buffer: BufferList { head: [Object], tail: [Object], length: 1 },
     length: 1649,
     pipes: null,
     pipesCount: 0,
     flowing: null,
     ended: true,
     endEmitted: false,
     reading: false,
     sync: false,
     needReadable: false,
     emittedReadable: true,
     readableListening: false,
     resumeScheduled: false,
     defaultEncoding: 'utf8',
     ranOut: false,
     awaitDrain: 0,
     readingMore: false,
     decoder: null,
     encoding: null },
  readable: true,
  domain: null,
  _events: { end: [Function] },
  _eventsCount: 1,
  _maxListeners: undefined,
  path: '/var/folders/k9/pv4yjrxd5bl42dddph6gy20h0000gp/T/firebase-functions-464758mDrQRQrVvHJ.zip',
  fd: 18,
  flags: 'r',
  mode: 438,
  start: undefined,
  end: undefined,
  autoClose: true,
  pos: undefined,
  bytesRead: 1649 } 
 Wed Mar 22 2017 22:18:34 GMT-0300 (BRT)
[debug] <<< HTTP RESPONSE 200
[info] ✔  functions: functions folder uploaded successfully
[info] i  hosting: preparing ./ directory for upload...
[debug] >>> HTTP REQUEST PUT https://deploy.firebase.com/v1/hosting/lx8scheduler/uploads/-Kfsja3-JsnPbUms_uZl?fileCount=9170&message=  
 Wed Mar 22 2017 22:18:46 GMT-0300 (BRT)
